<?xml version="1.0" encoding="utf-8" standalone="no"?>
<test-run id="2" testcasecount="1" result="Passed" total="1" passed="1" failed="0" inconclusive="0" skipped="0" asserts="1" engine-version="3.9.0.0" clr-version="4.0.30319.42000" start-time="2018-11-09 19:41:05Z" end-time="2018-11-09 19:41:08Z" duration="2.503443">
  <command-line><![CDATA[nunit3-console  --where "namespace==Project1" bin\Debug\Project1.exe]]></command-line>
  <filter>
    <namespace>Project1</namespace>
  </filter>
  <test-suite type="Assembly" id="0-1003" name="Project1.exe" fullname="Project1.exe" runstate="Runnable" testcasecount="1" result="Passed" start-time="2018-11-09 19:41:06Z" end-time="2018-11-09 19:41:08Z" duration="1.271085" total="1" passed="1" failed="0" warnings="0" inconclusive="0" skipped="0" asserts="1">
    <environment framework-version="3.11.0.0" clr-version="4.0.30319.42000" os-version="Microsoft Windows NT 10.0.17134.0" platform="Win32NT" cwd="C:\Users\ngtro\go\src\testTravis\Project1\Project1" machine-name="DESKTOP-VLHPCMH" user="ngtro" user-domain="DESKTOP-VLHPCMH" culture="en-US" uiculture="en-US" os-architecture="x86" />
    <settings>
      <setting name="DisposeRunners" value="True" />
      <setting name="WorkDirectory" value="C:\Users\ngtro\go\src\testTravis\Project1\Project1" />
      <setting name="ImageRuntimeVersion" value="4.0.30319" />
      <setting name="ImageTargetFrameworkName" value=".NETFramework,Version=v4.5" />
      <setting name="ImageRequiresX86" value="True" />
      <setting name="RunAsX86" value="True" />
      <setting name="ImageRequiresDefaultAppDomainAssemblyResolver" value="False" />
      <setting name="NumberOfTestWorkers" value="4" />
    </settings>
    <properties>
      <property name="_PID" value="8704" />
      <property name="_APPDOMAIN" value="domain-" />
    </properties>
    <test-suite type="TestSuite" id="0-1004" name="Project1" fullname="Project1" runstate="Runnable" testcasecount="1" result="Passed" start-time="2018-11-09 19:41:07Z" end-time="2018-11-09 19:41:08Z" duration="1.243208" total="1" passed="1" failed="0" warnings="0" inconclusive="0" skipped="0" asserts="1">
      <test-suite type="TestFixture" id="0-1000" name="TestStudent" fullname="Project1.TestStudent" classname="Project1.TestStudent" runstate="Runnable" testcasecount="1" result="Passed" start-time="2018-11-09 19:41:07Z" end-time="2018-11-09 19:41:08Z" duration="1.239028" total="1" passed="1" failed="0" warnings="0" inconclusive="0" skipped="0" asserts="1">
        <output><![CDATA[Server binary path: C:\Users\ngtro\go\src\testTravis\Project1\server.exe
server ID : 19532
]]></output>
        <test-suite type="ParameterizedMethod" id="0-1002" name="TestServer" fullname="Project1.TestStudent.TestServer" classname="Project1.TestStudent" runstate="Runnable" testcasecount="1" result="Passed" start-time="2018-11-09 19:41:07Z" end-time="2018-11-09 19:41:08Z" duration="1.061977" total="1" passed="1" failed="0" warnings="0" inconclusive="0" skipped="0" asserts="1">
          <test-case id="0-1001" name="TestServer()" fullname="Project1.TestStudent.TestServer()" methodname="TestServer" classname="Project1.TestStudent" runstate="Runnable" seed="1584915724" result="Passed" start-time="2018-11-09 19:41:07Z" end-time="2018-11-09 19:41:08Z" duration="1.049812" asserts="1" />
        </test-suite>
      </test-suite>
    </test-suite>
  </test-suite>
</test-run>